<?xml version="1.0" encoding="UTF-8"?>
<!-- Generated by org.testng.reporters.JUnitXMLReporter -->
<testsuite hostname="DESKTOP-6N2FK7G" name="BookShopBD" tests="7" failures="2" timestamp="12 Feb 2022 16:54:28 GMT" time="68.722" errors="0">
  <testcase name="Homepage" time="3.524" classname="Academy.runpage1"/>
  <testcase name="authors" time="8.255" classname="Academy.runpage1"/>
  <testcase name="filterbookbyauthor" time="3.264" classname="Academy.runpage1">
    <failure type="org.openqa.selenium.support.ui.UnexpectedTagNameException" message="Element should have been &amp;quot;select&amp;quot; but was &amp;quot;span&amp;quot;
Build info: version: &amp;apos;3.4.0&amp;apos;, revision: &amp;apos;unknown&amp;apos;, time: &amp;apos;unknown&amp;apos;
System info: host: &amp;apos;DESKTOP-6N2FK7G&amp;apos;, ip: &amp;apos;192.168.0.114&amp;apos;, os.name: &amp;apos;Windows 10&amp;apos;, os.arch: &amp;apos;amd64&amp;apos;, os.version: &amp;apos;10.0&amp;apos;, java.version: &amp;apos;1.8.0_221&amp;apos;
Driver info: driver.version: unknown">
      <![CDATA[org.openqa.selenium.support.ui.UnexpectedTagNameException: Element should have been "select" but was "span"
Build info: version: '3.4.0', revision: 'unknown', time: 'unknown'
System info: host: 'DESKTOP-6N2FK7G', ip: '192.168.0.114', os.name: 'Windows 10', os.arch: 'amd64', os.version: '10.0', java.version: '1.8.0_221'
Driver info: driver.version: unknown
	at org.openqa.selenium.support.ui.Select.<init>(Select.java:47)
	at pageObjects.Filterderauthor3.selectauthor(Filterderauthor3.java:26)
	at Academy.runpage1.filterbookbyauthor(runpage1.java:93)
... Removed 24 stack frames]]>
    </failure>
  </testcase> <!-- filterbookbyauthor -->
  <testcase name="selectauthorbook" time="5.801" classname="Academy.runpage1"/>
  <testcase name="Addtocart" time="12.921" classname="Academy.runpage1"/>
  <testcase name="cart" time="4.046" classname="Academy.runpage1"/>
  <testcase name="checkout" time="6.438" classname="Academy.runpage1">
    <failure type="org.openqa.selenium.support.ui.UnexpectedTagNameException" message="Element should have been &amp;quot;select&amp;quot; but was &amp;quot;li&amp;quot;
Build info: version: &amp;apos;3.4.0&amp;apos;, revision: &amp;apos;unknown&amp;apos;, time: &amp;apos;unknown&amp;apos;
System info: host: &amp;apos;DESKTOP-6N2FK7G&amp;apos;, ip: &amp;apos;192.168.0.114&amp;apos;, os.name: &amp;apos;Windows 10&amp;apos;, os.arch: &amp;apos;amd64&amp;apos;, os.version: &amp;apos;10.0&amp;apos;, java.version: &amp;apos;1.8.0_221&amp;apos;
Driver info: driver.version: unknown">
      <![CDATA[org.openqa.selenium.support.ui.UnexpectedTagNameException: Element should have been "select" but was "li"
Build info: version: '3.4.0', revision: 'unknown', time: 'unknown'
System info: host: 'DESKTOP-6N2FK7G', ip: '192.168.0.114', os.name: 'Windows 10', os.arch: 'amd64', os.version: '10.0', java.version: '1.8.0_221'
Driver info: driver.version: unknown
	at org.openqa.selenium.support.ui.Select.<init>(Select.java:47)
	at Academy.runpage1.checkout(runpage1.java:155)
... Removed 24 stack frames]]>
    </failure>
  </testcase> <!-- checkout -->
</testsuite> <!-- BookShopBD -->
