<?xml version="1.0" encoding="UTF-8"?>
<!-- Generated by org.testng.reporters.JUnitXMLReporter -->
<testsuite hostname="DESKTOP-6N2FK7G" name="Validating title in the Page" tests="1" failures="1" timestamp="19 Jun 2020 03:49:36 GMT" time="16.726" errors="0">
  <testcase name="TitlePageNavigation" time="0.062" classname="Academy.validateTitle">
    <failure type="java.lang.AssertionError" message="expected [FEATURED COURSES12] but found [FEATURED COURSES]">
      <![CDATA[java.lang.AssertionError: expected [FEATURED COURSES12] but found [FEATURED COURSES]
	at Academy.validateTitle.TitlePageNavigation(validateTitle.java:38)
... Removed 31 stack frames]]>
    </failure>
  </testcase> <!-- TitlePageNavigation -->
</testsuite> <!-- Validating title in the Page -->
